[06:52:16.958] Global cache location '/home/estif/.cache/typescript/4.6', safe file path '/usr/lib/node_modules/typescript/lib/typingSafeList.json', types map path /usr/lib/node_modules/typescript/lib/typesMap.json
[06:52:16.960] Processing cache location '/home/estif/.cache/typescript/4.6'
[06:52:16.961] Trying to find '/home/estif/.cache/typescript/4.6/package.json'...
[06:52:16.968] Loaded content of '/home/estif/.cache/typescript/4.6/package.json': {"private":true,"dependencies":{"types-registry":"^0.1.587"},"devDependencies":{"@types/babel__core":"^7.1.19","@types/babel__preset-env":"^7.9.2","@types/babelify":"^7.3.7","@types/browser-sync":"^2.26.3","@types/connect-history-api-fallback":"^1.3.5","@types/debug":"^4.1.7","@types/eslint":"^8.4.1","@types/gulp":"^4.0.9","@types/gulp-autoprefixer":"^0.0.33","@types/gulp-sass":"^5.0.0","@types/gulp-sourcemaps":"^0.0.35","@types/jquery":"^3.5.14","@types/lodash":"^4.14.181","@types/mem-fs-editor":"^7.0.1","@types/minimist":"^1.2.2","@types/prettier":"^2.4.4","@types/request":"^2.48.8","@types/semver":"^7.3.9","@types/through2":"^2.0.36","@types/tsc-watch":"^4.2.0","@types/yeoman-environment":"^2.10.7","@types/yeoman-generator":"^5.2.10"}}
[06:52:16.968] Loaded content of '/home/estif/.cache/typescript/4.6/package-lock.json'
[06:52:17.009] Adding entry into typings cache: 'babel__core' => '/home/estif/.cache/typescript/4.6/node_modules/@types/babel__core/index.d.ts'
[06:52:17.015] Adding entry into typings cache: 'babel__preset-env' => '/home/estif/.cache/typescript/4.6/node_modules/@types/babel__preset-env/index.d.ts'
[06:52:17.019] Adding entry into typings cache: 'babelify' => '/home/estif/.cache/typescript/4.6/node_modules/@types/babelify/index.d.ts'
[06:52:17.026] Adding entry into typings cache: 'browser-sync' => '/home/estif/.cache/typescript/4.6/node_modules/@types/browser-sync/index.d.ts'
[06:52:17.031] Adding entry into typings cache: 'connect-history-api-fallback' => '/home/estif/.cache/typescript/4.6/node_modules/@types/connect-history-api-fallback/index.d.ts'
[06:52:17.039] Adding entry into typings cache: 'debug' => '/home/estif/.cache/typescript/4.6/node_modules/@types/debug/index.d.ts'
[06:52:17.045] Adding entry into typings cache: 'eslint' => '/home/estif/.cache/typescript/4.6/node_modules/@types/eslint/index.d.ts'
[06:52:17.049] Adding entry into typings cache: 'gulp' => '/home/estif/.cache/typescript/4.6/node_modules/@types/gulp/index.d.ts'
[06:52:17.054] Adding entry into typings cache: 'gulp-autoprefixer' => '/home/estif/.cache/typescript/4.6/node_modules/@types/gulp-autoprefixer/index.d.ts'
[06:52:17.058] Adding entry into typings cache: 'gulp-sass' => '/home/estif/.cache/typescript/4.6/node_modules/@types/gulp-sass/index.d.ts'
[06:52:17.062] Adding entry into typings cache: 'gulp-sourcemaps' => '/home/estif/.cache/typescript/4.6/node_modules/@types/gulp-sourcemaps/index.d.ts'
[06:52:17.078] Adding entry into typings cache: 'jquery' => '/home/estif/.cache/typescript/4.6/node_modules/@types/jquery/index.d.ts'
[06:52:17.092] Adding entry into typings cache: 'lodash' => '/home/estif/.cache/typescript/4.6/node_modules/@types/lodash/index.d.ts'
[06:52:17.095] Adding entry into typings cache: 'mem-fs-editor' => '/home/estif/.cache/typescript/4.6/node_modules/@types/mem-fs-editor/index.d.ts'
[06:52:17.104] Adding entry into typings cache: 'minimist' => '/home/estif/.cache/typescript/4.6/node_modules/@types/minimist/index.d.ts'
[06:52:17.109] Adding entry into typings cache: 'prettier' => '/home/estif/.cache/typescript/4.6/node_modules/@types/prettier/index.d.ts'
[06:52:17.114] Adding entry into typings cache: 'request' => '/home/estif/.cache/typescript/4.6/node_modules/@types/request/index.d.ts'
[06:52:17.119] Adding entry into typings cache: 'semver' => '/home/estif/.cache/typescript/4.6/node_modules/@types/semver/index.d.ts'
[06:52:17.123] Adding entry into typings cache: 'through2' => '/home/estif/.cache/typescript/4.6/node_modules/@types/through2/index.d.ts'
[06:52:17.128] Adding entry into typings cache: 'tsc-watch' => '/home/estif/.cache/typescript/4.6/node_modules/@types/tsc-watch/index.d.ts'
[06:52:17.131] Adding entry into typings cache: 'yeoman-environment' => '/home/estif/.cache/typescript/4.6/node_modules/@types/yeoman-environment/index.d.ts'
[06:52:17.135] Adding entry into typings cache: 'yeoman-generator' => '/home/estif/.cache/typescript/4.6/node_modules/@types/yeoman-generator/index.d.ts'
[06:52:17.136] Finished processing cache location '/home/estif/.cache/typescript/4.6'
[06:52:17.136] Process id: 22124
[06:52:17.137] NPM location: /usr/bin/npm (explicit '--npmLocation' not  provided)
[06:52:17.137] validateDefaultNpmLocation: false
[06:52:17.137] Npm config file: /home/estif/.cache/typescript/4.6/package.json
[06:52:17.137] Updating types-registry npm package...
[06:52:17.138] Exec: /usr/bin/npm install --ignore-scripts types-registry@latest
[06:52:19.287]     Succeeded. stdout:
    
    up to date, audited 119 packages in 1s

8 packages are looking for funding
  run `npm fund` for details

found 0 vulnerabilities

[06:52:19.287] Updated types-registry npm package
[06:52:19.352] Got install request {"projectName":"/dev/null/inferredProject1*","fileNames":["/usr/lib/node_modules/typescript/lib/lib.es5.d.ts","/usr/lib/node_modules/typescript/lib/lib.es2015.d.ts","/usr/lib/node_modules/typescript/lib/lib.es2016.d.ts","/usr/lib/node_modules/typescript/lib/lib.dom.d.ts","/usr/lib/node_modules/typescript/lib/lib.dom.iterable.d.ts","/usr/lib/node_modules/typescript/lib/lib.webworker.importscripts.d.ts","/usr/lib/node_modules/typescript/lib/lib.scripthost.d.ts","/usr/lib/node_modules/typescript/lib/lib.es2015.core.d.ts","/usr/lib/node_modules/typescript/lib/lib.es2015.collection.d.ts","/usr/lib/node_modules/typescript/lib/lib.es2015.generator.d.ts","/usr/lib/node_modules/typescript/lib/lib.es2015.iterable.d.ts","/usr/lib/node_modules/typescript/lib/lib.es2015.promise.d.ts","/usr/lib/node_modules/typescript/lib/lib.es2015.proxy.d.ts","/usr/lib/node_modules/typescript/lib/lib.es2015.reflect.d.ts","/usr/lib/node_modules/typescript/lib/lib.es2015.symbol.d.ts","/usr/lib/node_modules/typescript/lib/lib.es2015.symbol.wellknown.d.ts","/usr/lib/node_modules/typescript/lib/lib.es2016.array.include.d.ts","/usr/lib/node_modules/typescript/lib/lib.es2016.full.d.ts","/home/estif/Documents/The Odin Project/Javascript/async_js_api/odin_weather/src/script_api.js"],"compilerOptions":{"module":1,"target":3,"jsx":1,"allowJs":true,"allowSyntheticDefaultImports":true,"allowNonTsExtensions":true,"noEmitForJsFiles":true,"maxNodeModuleJsDepth":2},"typeAcquisition":{"enable":true,"include":[],"exclude":[]},"unresolvedImports":[],"projectRootPath":"/home/estif/Documents/The Odin Project/Javascript/async_js_api/odin_weather/src","kind":"discover"}
[06:52:19.379] Loaded safelist from types map file '/usr/lib/node_modules/typescript/lib/typesMap.json'
[06:52:19.381] Explicitly included types: []
[06:52:19.384] Inferred typings from unresolved imports: []
[06:52:19.384] Result: {"cachedTypingPaths":[],"newTypingNames":[],"filesToWatch":["/home/estif/Documents/The Odin Project/Javascript/async_js_api/odin_weather/src/bower_components","/home/estif/Documents/The Odin Project/Javascript/async_js_api/odin_weather/src/node_modules"]}
[06:52:19.385] Finished typings discovery: {"cachedTypingPaths":[],"newTypingNames":[],"filesToWatch":["/home/estif/Documents/The Odin Project/Javascript/async_js_api/odin_weather/src/bower_components","/home/estif/Documents/The Odin Project/Javascript/async_js_api/odin_weather/src/node_modules"]}
[06:52:19.386] DirectoryWatcher:: Added:: WatchInfo: /home/estif/Documents/The Odin Project/Javascript/async_js_api/odin_weather/src/bower_components
[06:52:19.387] DirectoryWatcher:: Added:: WatchInfo: /home/estif/Documents/The Odin Project/Javascript/async_js_api/odin_weather/src/bower_components 1 undefined Project: /dev/null/inferredProject1* watcher already invoked: false
[06:52:19.391] Elapsed:: 3.5427200002595782ms DirectoryWatcher:: Added:: WatchInfo: /home/estif/Documents/The Odin Project/Javascript/async_js_api/odin_weather/src/bower_components 1 undefined Project: /dev/null/inferredProject1* watcher already invoked: false
[06:52:19.391] DirectoryWatcher:: Added:: WatchInfo: /home/estif/Documents/The Odin Project/Javascript/async_js_api/odin_weather/src/node_modules
[06:52:19.391] DirectoryWatcher:: Added:: WatchInfo: /home/estif/Documents/The Odin Project/Javascript/async_js_api/odin_weather/src/node_modules 1 undefined Project: /dev/null/inferredProject1* watcher already invoked: false
[06:52:19.392] Elapsed:: 0.2001900002360344ms DirectoryWatcher:: Added:: WatchInfo: /home/estif/Documents/The Odin Project/Javascript/async_js_api/odin_weather/src/node_modules 1 undefined Project: /dev/null/inferredProject1* watcher already invoked: false
[06:52:19.392] Sending response:
    {"projectName":"/dev/null/inferredProject1*","typeAcquisition":{"enable":true,"include":[],"exclude":[]},"compilerOptions":{"module":1,"target":3,"jsx":1,"allowJs":true,"allowSyntheticDefaultImports":true,"allowNonTsExtensions":true,"noEmitForJsFiles":true,"maxNodeModuleJsDepth":2},"typings":[],"unresolvedImports":[],"kind":"action::set"}
[06:52:19.393] Response has been sent.
[06:52:19.393] No new typings were requested as a result of typings discovery
[06:53:15.447] Got install request {"projectName":"/dev/null/inferredProject2*","fileNames":["/usr/lib/node_modules/typescript/lib/lib.es5.d.ts","/usr/lib/node_modules/typescript/lib/lib.es2015.d.ts","/usr/lib/node_modules/typescript/lib/lib.es2016.d.ts","/usr/lib/node_modules/typescript/lib/lib.dom.d.ts","/usr/lib/node_modules/typescript/lib/lib.dom.iterable.d.ts","/usr/lib/node_modules/typescript/lib/lib.webworker.importscripts.d.ts","/usr/lib/node_modules/typescript/lib/lib.scripthost.d.ts","/usr/lib/node_modules/typescript/lib/lib.es2015.core.d.ts","/usr/lib/node_modules/typescript/lib/lib.es2015.collection.d.ts","/usr/lib/node_modules/typescript/lib/lib.es2015.generator.d.ts","/usr/lib/node_modules/typescript/lib/lib.es2015.iterable.d.ts","/usr/lib/node_modules/typescript/lib/lib.es2015.promise.d.ts","/usr/lib/node_modules/typescript/lib/lib.es2015.proxy.d.ts","/usr/lib/node_modules/typescript/lib/lib.es2015.reflect.d.ts","/usr/lib/node_modules/typescript/lib/lib.es2015.symbol.d.ts","/usr/lib/node_modules/typescript/lib/lib.es2015.symbol.wellknown.d.ts","/usr/lib/node_modules/typescript/lib/lib.es2016.array.include.d.ts","/usr/lib/node_modules/typescript/lib/lib.es2016.full.d.ts","/home/estif/Documents/The Odin Project/Javascript/async_js_api/odin_weather/src/script_api.js","/home/estif/Documents/The Odin Project/Javascript/async_js_api/odin_weather/src/script_ui.js"],"compilerOptions":{"module":1,"target":3,"jsx":1,"allowJs":true,"allowSyntheticDefaultImports":true,"allowNonTsExtensions":true,"noEmitForJsFiles":true,"maxNodeModuleJsDepth":2},"typeAcquisition":{"enable":true,"include":[],"exclude":[]},"unresolvedImports":[],"projectRootPath":"/home/estif/Documents/The Odin Project/Javascript/async_js_api/odin_weather/src","kind":"discover"}
[06:53:15.447] Explicitly included types: []
[06:53:15.447] Inferred typings from unresolved imports: []
[06:53:15.448] Result: {"cachedTypingPaths":[],"newTypingNames":[],"filesToWatch":["/home/estif/Documents/The Odin Project/Javascript/async_js_api/odin_weather/src/bower_components","/home/estif/Documents/The Odin Project/Javascript/async_js_api/odin_weather/src/node_modules"]}
[06:53:15.448] Finished typings discovery: {"cachedTypingPaths":[],"newTypingNames":[],"filesToWatch":["/home/estif/Documents/The Odin Project/Javascript/async_js_api/odin_weather/src/bower_components","/home/estif/Documents/The Odin Project/Javascript/async_js_api/odin_weather/src/node_modules"]}
[06:53:15.448] DirectoryWatcher:: Added:: WatchInfo: /home/estif/Documents/The Odin Project/Javascript/async_js_api/odin_weather/src/bower_components
[06:53:15.448] DirectoryWatcher:: Added:: WatchInfo: /home/estif/Documents/The Odin Project/Javascript/async_js_api/odin_weather/src/bower_components 1 undefined Project: /dev/null/inferredProject2* watcher already invoked: false
[06:53:15.448] Elapsed:: 0.041277999989688396ms DirectoryWatcher:: Added:: WatchInfo: /home/estif/Documents/The Odin Project/Javascript/async_js_api/odin_weather/src/bower_components 1 undefined Project: /dev/null/inferredProject2* watcher already invoked: false
[06:53:15.448] DirectoryWatcher:: Added:: WatchInfo: /home/estif/Documents/The Odin Project/Javascript/async_js_api/odin_weather/src/node_modules
[06:53:15.448] DirectoryWatcher:: Added:: WatchInfo: /home/estif/Documents/The Odin Project/Javascript/async_js_api/odin_weather/src/node_modules 1 undefined Project: /dev/null/inferredProject2* watcher already invoked: false
[06:53:15.449] Elapsed:: 0.02469899971038103ms DirectoryWatcher:: Added:: WatchInfo: /home/estif/Documents/The Odin Project/Javascript/async_js_api/odin_weather/src/node_modules 1 undefined Project: /dev/null/inferredProject2* watcher already invoked: false
[06:53:15.449] Sending response:
    {"projectName":"/dev/null/inferredProject2*","typeAcquisition":{"enable":true,"include":[],"exclude":[]},"compilerOptions":{"module":1,"target":3,"jsx":1,"allowJs":true,"allowSyntheticDefaultImports":true,"allowNonTsExtensions":true,"noEmitForJsFiles":true,"maxNodeModuleJsDepth":2},"typings":[],"unresolvedImports":[],"kind":"action::set"}
[06:53:15.449] Response has been sent.
[06:53:15.449] No new typings were requested as a result of typings discovery
[06:54:19.787] Got install request {"projectName":"/dev/null/inferredProject2*","fileNames":["/usr/lib/node_modules/typescript/lib/lib.es5.d.ts","/usr/lib/node_modules/typescript/lib/lib.es2015.d.ts","/usr/lib/node_modules/typescript/lib/lib.es2016.d.ts","/usr/lib/node_modules/typescript/lib/lib.dom.d.ts","/usr/lib/node_modules/typescript/lib/lib.dom.iterable.d.ts","/usr/lib/node_modules/typescript/lib/lib.webworker.importscripts.d.ts","/usr/lib/node_modules/typescript/lib/lib.scripthost.d.ts","/usr/lib/node_modules/typescript/lib/lib.es2015.core.d.ts","/usr/lib/node_modules/typescript/lib/lib.es2015.collection.d.ts","/usr/lib/node_modules/typescript/lib/lib.es2015.generator.d.ts","/usr/lib/node_modules/typescript/lib/lib.es2015.iterable.d.ts","/usr/lib/node_modules/typescript/lib/lib.es2015.promise.d.ts","/usr/lib/node_modules/typescript/lib/lib.es2015.proxy.d.ts","/usr/lib/node_modules/typescript/lib/lib.es2015.reflect.d.ts","/usr/lib/node_modules/typescript/lib/lib.es2015.symbol.d.ts","/usr/lib/node_modules/typescript/lib/lib.es2015.symbol.wellknown.d.ts","/usr/lib/node_modules/typescript/lib/lib.es2016.array.include.d.ts","/usr/lib/node_modules/typescript/lib/lib.es2016.full.d.ts","/home/estif/Documents/The Odin Project/Javascript/async_js_api/odin_weather/src/script_ui.js"],"compilerOptions":{"module":1,"target":3,"jsx":1,"allowJs":true,"allowSyntheticDefaultImports":true,"allowNonTsExtensions":true,"noEmitForJsFiles":true,"maxNodeModuleJsDepth":2},"typeAcquisition":{"enable":true,"include":[],"exclude":[]},"unresolvedImports":[],"projectRootPath":"/home/estif/Documents/The Odin Project/Javascript/async_js_api/odin_weather/src","kind":"discover"}
[06:54:19.787] Explicitly included types: []
[06:54:19.787] Inferred typings from unresolved imports: []
[06:54:19.788] Result: {"cachedTypingPaths":[],"newTypingNames":[],"filesToWatch":["/home/estif/Documents/The Odin Project/Javascript/async_js_api/odin_weather/src/bower_components","/home/estif/Documents/The Odin Project/Javascript/async_js_api/odin_weather/src/node_modules"]}
[06:54:19.788] Finished typings discovery: {"cachedTypingPaths":[],"newTypingNames":[],"filesToWatch":["/home/estif/Documents/The Odin Project/Javascript/async_js_api/odin_weather/src/bower_components","/home/estif/Documents/The Odin Project/Javascript/async_js_api/odin_weather/src/node_modules"]}
[06:54:19.789] Sending response:
    {"projectName":"/dev/null/inferredProject2*","typeAcquisition":{"enable":true,"include":[],"exclude":[]},"compilerOptions":{"module":1,"target":3,"jsx":1,"allowJs":true,"allowSyntheticDefaultImports":true,"allowNonTsExtensions":true,"noEmitForJsFiles":true,"maxNodeModuleJsDepth":2},"typings":[],"unresolvedImports":[],"kind":"action::set"}
[06:54:19.789] Response has been sent.
[06:54:19.789] No new typings were requested as a result of typings discovery
[06:55:27.229] Got install request {"projectName":"/dev/null/inferredProject3*","fileNames":["/usr/lib/node_modules/typescript/lib/lib.es5.d.ts","/usr/lib/node_modules/typescript/lib/lib.es2015.d.ts","/usr/lib/node_modules/typescript/lib/lib.es2016.d.ts","/usr/lib/node_modules/typescript/lib/lib.dom.d.ts","/usr/lib/node_modules/typescript/lib/lib.dom.iterable.d.ts","/usr/lib/node_modules/typescript/lib/lib.webworker.importscripts.d.ts","/usr/lib/node_modules/typescript/lib/lib.scripthost.d.ts","/usr/lib/node_modules/typescript/lib/lib.es2015.core.d.ts","/usr/lib/node_modules/typescript/lib/lib.es2015.collection.d.ts","/usr/lib/node_modules/typescript/lib/lib.es2015.generator.d.ts","/usr/lib/node_modules/typescript/lib/lib.es2015.iterable.d.ts","/usr/lib/node_modules/typescript/lib/lib.es2015.promise.d.ts","/usr/lib/node_modules/typescript/lib/lib.es2015.proxy.d.ts","/usr/lib/node_modules/typescript/lib/lib.es2015.reflect.d.ts","/usr/lib/node_modules/typescript/lib/lib.es2015.symbol.d.ts","/usr/lib/node_modules/typescript/lib/lib.es2015.symbol.wellknown.d.ts","/usr/lib/node_modules/typescript/lib/lib.es2016.array.include.d.ts","/usr/lib/node_modules/typescript/lib/lib.es2016.full.d.ts","/home/estif/Documents/The Odin Project/Javascript/async_js_api/odin_weather/src/script_api.js"],"compilerOptions":{"module":1,"target":3,"jsx":1,"allowJs":true,"allowSyntheticDefaultImports":true,"allowNonTsExtensions":true,"noEmitForJsFiles":true,"maxNodeModuleJsDepth":2},"typeAcquisition":{"enable":true,"include":[],"exclude":[]},"unresolvedImports":[],"projectRootPath":"/home/estif/Documents/The Odin Project/Javascript/async_js_api/odin_weather/src","kind":"discover"}
[06:55:27.230] Explicitly included types: []
[06:55:27.230] Inferred typings from unresolved imports: []
[06:55:27.230] Result: {"cachedTypingPaths":[],"newTypingNames":[],"filesToWatch":["/home/estif/Documents/The Odin Project/Javascript/async_js_api/odin_weather/src/bower_components","/home/estif/Documents/The Odin Project/Javascript/async_js_api/odin_weather/src/node_modules"]}
[06:55:27.230] Finished typings discovery: {"cachedTypingPaths":[],"newTypingNames":[],"filesToWatch":["/home/estif/Documents/The Odin Project/Javascript/async_js_api/odin_weather/src/bower_components","/home/estif/Documents/The Odin Project/Javascript/async_js_api/odin_weather/src/node_modules"]}
[06:55:27.230] DirectoryWatcher:: Added:: WatchInfo: /home/estif/Documents/The Odin Project/Javascript/async_js_api/odin_weather/src/bower_components
[06:55:27.230] DirectoryWatcher:: Added:: WatchInfo: /home/estif/Documents/The Odin Project/Javascript/async_js_api/odin_weather/src/bower_components 1 undefined Project: /dev/null/inferredProject3* watcher already invoked: false
[06:55:27.230] Elapsed:: 0.02075100038200617ms DirectoryWatcher:: Added:: WatchInfo: /home/estif/Documents/The Odin Project/Javascript/async_js_api/odin_weather/src/bower_components 1 undefined Project: /dev/null/inferredProject3* watcher already invoked: false
[06:55:27.230] DirectoryWatcher:: Added:: WatchInfo: /home/estif/Documents/The Odin Project/Javascript/async_js_api/odin_weather/src/node_modules
[06:55:27.230] DirectoryWatcher:: Added:: WatchInfo: /home/estif/Documents/The Odin Project/Javascript/async_js_api/odin_weather/src/node_modules 1 undefined Project: /dev/null/inferredProject3* watcher already invoked: false
[06:55:27.230] Elapsed:: 0.010346999391913414ms DirectoryWatcher:: Added:: WatchInfo: /home/estif/Documents/The Odin Project/Javascript/async_js_api/odin_weather/src/node_modules 1 undefined Project: /dev/null/inferredProject3* watcher already invoked: false
[06:55:27.230] Sending response:
    {"projectName":"/dev/null/inferredProject3*","typeAcquisition":{"enable":true,"include":[],"exclude":[]},"compilerOptions":{"module":1,"target":3,"jsx":1,"allowJs":true,"allowSyntheticDefaultImports":true,"allowNonTsExtensions":true,"noEmitForJsFiles":true,"maxNodeModuleJsDepth":2},"typings":[],"unresolvedImports":[],"kind":"action::set"}
[06:55:27.230] Response has been sent.
[06:55:27.230] No new typings were requested as a result of typings discovery
[06:56:54.538] Got install request {"projectName":"/dev/null/inferredProject4*","fileNames":["/usr/lib/node_modules/typescript/lib/lib.es5.d.ts","/usr/lib/node_modules/typescript/lib/lib.es2015.d.ts","/usr/lib/node_modules/typescript/lib/lib.es2016.d.ts","/usr/lib/node_modules/typescript/lib/lib.dom.d.ts","/usr/lib/node_modules/typescript/lib/lib.dom.iterable.d.ts","/usr/lib/node_modules/typescript/lib/lib.webworker.importscripts.d.ts","/usr/lib/node_modules/typescript/lib/lib.scripthost.d.ts","/usr/lib/node_modules/typescript/lib/lib.es2015.core.d.ts","/usr/lib/node_modules/typescript/lib/lib.es2015.collection.d.ts","/usr/lib/node_modules/typescript/lib/lib.es2015.generator.d.ts","/usr/lib/node_modules/typescript/lib/lib.es2015.iterable.d.ts","/usr/lib/node_modules/typescript/lib/lib.es2015.promise.d.ts","/usr/lib/node_modules/typescript/lib/lib.es2015.proxy.d.ts","/usr/lib/node_modules/typescript/lib/lib.es2015.reflect.d.ts","/usr/lib/node_modules/typescript/lib/lib.es2015.symbol.d.ts","/usr/lib/node_modules/typescript/lib/lib.es2015.symbol.wellknown.d.ts","/usr/lib/node_modules/typescript/lib/lib.es2016.array.include.d.ts","/usr/lib/node_modules/typescript/lib/lib.es2016.full.d.ts","/home/estif/Documents/The Odin Project/Javascript/async_js_api/odin_weather/src/script.js"],"compilerOptions":{"module":1,"target":3,"jsx":1,"allowJs":true,"allowSyntheticDefaultImports":true,"allowNonTsExtensions":true,"noEmitForJsFiles":true,"maxNodeModuleJsDepth":2},"typeAcquisition":{"enable":true,"include":[],"exclude":[]},"unresolvedImports":[],"projectRootPath":"/home/estif/Documents/The Odin Project/Javascript/async_js_api/odin_weather/src","kind":"discover"}
[06:56:54.539] Explicitly included types: []
[06:56:54.539] Inferred typings from unresolved imports: []
[06:56:54.539] Result: {"cachedTypingPaths":[],"newTypingNames":[],"filesToWatch":["/home/estif/Documents/The Odin Project/Javascript/async_js_api/odin_weather/src/bower_components","/home/estif/Documents/The Odin Project/Javascript/async_js_api/odin_weather/src/node_modules"]}
[06:56:54.539] Finished typings discovery: {"cachedTypingPaths":[],"newTypingNames":[],"filesToWatch":["/home/estif/Documents/The Odin Project/Javascript/async_js_api/odin_weather/src/bower_components","/home/estif/Documents/The Odin Project/Javascript/async_js_api/odin_weather/src/node_modules"]}
[06:56:54.540] DirectoryWatcher:: Added:: WatchInfo: /home/estif/Documents/The Odin Project/Javascript/async_js_api/odin_weather/src/bower_components
[06:56:54.540] DirectoryWatcher:: Added:: WatchInfo: /home/estif/Documents/The Odin Project/Javascript/async_js_api/odin_weather/src/bower_components 1 undefined Project: /dev/null/inferredProject4* watcher already invoked: false
[06:56:54.540] Elapsed:: 0.04773200023919344ms DirectoryWatcher:: Added:: WatchInfo: /home/estif/Documents/The Odin Project/Javascript/async_js_api/odin_weather/src/bower_components 1 undefined Project: /dev/null/inferredProject4* watcher already invoked: false
[06:56:54.540] DirectoryWatcher:: Added:: WatchInfo: /home/estif/Documents/The Odin Project/Javascript/async_js_api/odin_weather/src/node_modules
[06:56:54.540] DirectoryWatcher:: Added:: WatchInfo: /home/estif/Documents/The Odin Project/Javascript/async_js_api/odin_weather/src/node_modules 1 undefined Project: /dev/null/inferredProject4* watcher already invoked: false
[06:56:54.540] Elapsed:: 0.03369299974292517ms DirectoryWatcher:: Added:: WatchInfo: /home/estif/Documents/The Odin Project/Javascript/async_js_api/odin_weather/src/node_modules 1 undefined Project: /dev/null/inferredProject4* watcher already invoked: false
[06:56:54.541] Sending response:
    {"projectName":"/dev/null/inferredProject4*","typeAcquisition":{"enable":true,"include":[],"exclude":[]},"compilerOptions":{"module":1,"target":3,"jsx":1,"allowJs":true,"allowSyntheticDefaultImports":true,"allowNonTsExtensions":true,"noEmitForJsFiles":true,"maxNodeModuleJsDepth":2},"typings":[],"unresolvedImports":[],"kind":"action::set"}
[06:56:54.541] Response has been sent.
[06:56:54.541] No new typings were requested as a result of typings discovery
