[05:30:59.398] Global cache location '/home/estif/.cache/typescript/4.6', safe file path '/usr/lib/node_modules/typescript/lib/typingSafeList.json', types map path /usr/lib/node_modules/typescript/lib/typesMap.json
[05:30:59.399] Processing cache location '/home/estif/.cache/typescript/4.6'
[05:30:59.399] Trying to find '/home/estif/.cache/typescript/4.6/package.json'...
[05:30:59.403] Loaded content of '/home/estif/.cache/typescript/4.6/package.json': {"private":true,"dependencies":{"types-registry":"^0.1.587"},"devDependencies":{"@types/babel__core":"^7.1.19","@types/babel__preset-env":"^7.9.2","@types/babelify":"^7.3.7","@types/browser-sync":"^2.26.3","@types/connect-history-api-fallback":"^1.3.5","@types/debug":"^4.1.7","@types/eslint":"^8.4.1","@types/gulp":"^4.0.9","@types/gulp-autoprefixer":"^0.0.33","@types/gulp-sass":"^5.0.0","@types/gulp-sourcemaps":"^0.0.35","@types/jquery":"^3.5.14","@types/lodash":"^4.14.181","@types/mem-fs-editor":"^7.0.1","@types/minimist":"^1.2.2","@types/prettier":"^2.4.4","@types/request":"^2.48.8","@types/semver":"^7.3.9","@types/through2":"^2.0.36","@types/tsc-watch":"^4.2.0","@types/yeoman-environment":"^2.10.7","@types/yeoman-generator":"^5.2.10"}}
[05:30:59.403] Loaded content of '/home/estif/.cache/typescript/4.6/package-lock.json'
[05:30:59.415] Adding entry into typings cache: 'babel__core' => '/home/estif/.cache/typescript/4.6/node_modules/@types/babel__core/index.d.ts'
[05:30:59.416] Adding entry into typings cache: 'babel__preset-env' => '/home/estif/.cache/typescript/4.6/node_modules/@types/babel__preset-env/index.d.ts'
[05:30:59.418] Adding entry into typings cache: 'babelify' => '/home/estif/.cache/typescript/4.6/node_modules/@types/babelify/index.d.ts'
[05:30:59.421] Adding entry into typings cache: 'browser-sync' => '/home/estif/.cache/typescript/4.6/node_modules/@types/browser-sync/index.d.ts'
[05:30:59.423] Adding entry into typings cache: 'connect-history-api-fallback' => '/home/estif/.cache/typescript/4.6/node_modules/@types/connect-history-api-fallback/index.d.ts'
[05:30:59.425] Adding entry into typings cache: 'debug' => '/home/estif/.cache/typescript/4.6/node_modules/@types/debug/index.d.ts'
[05:30:59.429] Adding entry into typings cache: 'eslint' => '/home/estif/.cache/typescript/4.6/node_modules/@types/eslint/index.d.ts'
[05:30:59.431] Adding entry into typings cache: 'gulp' => '/home/estif/.cache/typescript/4.6/node_modules/@types/gulp/index.d.ts'
[05:30:59.432] Adding entry into typings cache: 'gulp-autoprefixer' => '/home/estif/.cache/typescript/4.6/node_modules/@types/gulp-autoprefixer/index.d.ts'
[05:30:59.433] Adding entry into typings cache: 'gulp-sass' => '/home/estif/.cache/typescript/4.6/node_modules/@types/gulp-sass/index.d.ts'
[05:30:59.435] Adding entry into typings cache: 'gulp-sourcemaps' => '/home/estif/.cache/typescript/4.6/node_modules/@types/gulp-sourcemaps/index.d.ts'
[05:30:59.440] Adding entry into typings cache: 'jquery' => '/home/estif/.cache/typescript/4.6/node_modules/@types/jquery/index.d.ts'
[05:30:59.444] Adding entry into typings cache: 'lodash' => '/home/estif/.cache/typescript/4.6/node_modules/@types/lodash/index.d.ts'
[05:30:59.446] Adding entry into typings cache: 'mem-fs-editor' => '/home/estif/.cache/typescript/4.6/node_modules/@types/mem-fs-editor/index.d.ts'
[05:30:59.447] Adding entry into typings cache: 'minimist' => '/home/estif/.cache/typescript/4.6/node_modules/@types/minimist/index.d.ts'
[05:30:59.450] Adding entry into typings cache: 'prettier' => '/home/estif/.cache/typescript/4.6/node_modules/@types/prettier/index.d.ts'
[05:30:59.453] Adding entry into typings cache: 'request' => '/home/estif/.cache/typescript/4.6/node_modules/@types/request/index.d.ts'
[05:30:59.456] Adding entry into typings cache: 'semver' => '/home/estif/.cache/typescript/4.6/node_modules/@types/semver/index.d.ts'
[05:30:59.458] Adding entry into typings cache: 'through2' => '/home/estif/.cache/typescript/4.6/node_modules/@types/through2/index.d.ts'
[05:30:59.459] Adding entry into typings cache: 'tsc-watch' => '/home/estif/.cache/typescript/4.6/node_modules/@types/tsc-watch/index.d.ts'
[05:30:59.460] Adding entry into typings cache: 'yeoman-environment' => '/home/estif/.cache/typescript/4.6/node_modules/@types/yeoman-environment/index.d.ts'
[05:30:59.462] Adding entry into typings cache: 'yeoman-generator' => '/home/estif/.cache/typescript/4.6/node_modules/@types/yeoman-generator/index.d.ts'
[05:30:59.462] Finished processing cache location '/home/estif/.cache/typescript/4.6'
[05:30:59.462] Process id: 6842
[05:30:59.462] NPM location: /usr/bin/npm (explicit '--npmLocation' not  provided)
[05:30:59.462] validateDefaultNpmLocation: false
[05:30:59.463] Npm config file: /home/estif/.cache/typescript/4.6/package.json
[05:30:59.463] Updating types-registry npm package...
[05:30:59.463] Exec: /usr/bin/npm install --ignore-scripts types-registry@latest
[05:31:00.146]     Succeeded. stdout:
    
    up to date, audited 119 packages in 467ms

8 packages are looking for funding
  run `npm fund` for details

found 0 vulnerabilities

[05:31:00.146] Updated types-registry npm package
[05:31:00.427] Got install request {"projectName":"/dev/null/inferredProject1*","fileNames":["/usr/lib/node_modules/typescript/lib/lib.es5.d.ts","/usr/lib/node_modules/typescript/lib/lib.es2015.d.ts","/usr/lib/node_modules/typescript/lib/lib.es2016.d.ts","/usr/lib/node_modules/typescript/lib/lib.dom.d.ts","/usr/lib/node_modules/typescript/lib/lib.dom.iterable.d.ts","/usr/lib/node_modules/typescript/lib/lib.webworker.importscripts.d.ts","/usr/lib/node_modules/typescript/lib/lib.scripthost.d.ts","/usr/lib/node_modules/typescript/lib/lib.es2015.core.d.ts","/usr/lib/node_modules/typescript/lib/lib.es2015.collection.d.ts","/usr/lib/node_modules/typescript/lib/lib.es2015.generator.d.ts","/usr/lib/node_modules/typescript/lib/lib.es2015.iterable.d.ts","/usr/lib/node_modules/typescript/lib/lib.es2015.promise.d.ts","/usr/lib/node_modules/typescript/lib/lib.es2015.proxy.d.ts","/usr/lib/node_modules/typescript/lib/lib.es2015.reflect.d.ts","/usr/lib/node_modules/typescript/lib/lib.es2015.symbol.d.ts","/usr/lib/node_modules/typescript/lib/lib.es2015.symbol.wellknown.d.ts","/usr/lib/node_modules/typescript/lib/lib.es2016.array.include.d.ts","/usr/lib/node_modules/typescript/lib/lib.es2016.full.d.ts","/home/estif/Documents/The Odin Project/Javascript/async_js_api/odin_weather/src/script.js"],"compilerOptions":{"module":1,"target":3,"jsx":1,"allowJs":true,"allowSyntheticDefaultImports":true,"allowNonTsExtensions":true,"noEmitForJsFiles":true,"maxNodeModuleJsDepth":2},"typeAcquisition":{"enable":true,"include":[],"exclude":[]},"unresolvedImports":[],"projectRootPath":"/home/estif/Documents/The Odin Project/Javascript/async_js_api/odin_weather/src","kind":"discover"}
[05:31:00.446] Loaded safelist from types map file '/usr/lib/node_modules/typescript/lib/typesMap.json'
[05:31:00.447] Explicitly included types: []
[05:31:00.447] Inferred typings from unresolved imports: []
[05:31:00.447] Result: {"cachedTypingPaths":[],"newTypingNames":[],"filesToWatch":["/home/estif/Documents/The Odin Project/Javascript/async_js_api/odin_weather/src/bower_components","/home/estif/Documents/The Odin Project/Javascript/async_js_api/odin_weather/src/node_modules"]}
[05:31:00.447] Finished typings discovery: {"cachedTypingPaths":[],"newTypingNames":[],"filesToWatch":["/home/estif/Documents/The Odin Project/Javascript/async_js_api/odin_weather/src/bower_components","/home/estif/Documents/The Odin Project/Javascript/async_js_api/odin_weather/src/node_modules"]}
[05:31:00.448] DirectoryWatcher:: Added:: WatchInfo: /home/estif/Documents/The Odin Project/Javascript/async_js_api/odin_weather/src/bower_components
[05:31:00.448] DirectoryWatcher:: Added:: WatchInfo: /home/estif/Documents/The Odin Project/Javascript/async_js_api/odin_weather/src/bower_components 1 undefined Project: /dev/null/inferredProject1* watcher already invoked: false
[05:31:00.449] Elapsed:: 1.1408429999719374ms DirectoryWatcher:: Added:: WatchInfo: /home/estif/Documents/The Odin Project/Javascript/async_js_api/odin_weather/src/bower_components 1 undefined Project: /dev/null/inferredProject1* watcher already invoked: false
[05:31:00.450] DirectoryWatcher:: Added:: WatchInfo: /home/estif/Documents/The Odin Project/Javascript/async_js_api/odin_weather/src/node_modules
[05:31:00.450] DirectoryWatcher:: Added:: WatchInfo: /home/estif/Documents/The Odin Project/Javascript/async_js_api/odin_weather/src/node_modules 1 undefined Project: /dev/null/inferredProject1* watcher already invoked: false
[05:31:00.450] Elapsed:: 0.1163220000162255ms DirectoryWatcher:: Added:: WatchInfo: /home/estif/Documents/The Odin Project/Javascript/async_js_api/odin_weather/src/node_modules 1 undefined Project: /dev/null/inferredProject1* watcher already invoked: false
[05:31:00.450] Sending response:
    {"projectName":"/dev/null/inferredProject1*","typeAcquisition":{"enable":true,"include":[],"exclude":[]},"compilerOptions":{"module":1,"target":3,"jsx":1,"allowJs":true,"allowSyntheticDefaultImports":true,"allowNonTsExtensions":true,"noEmitForJsFiles":true,"maxNodeModuleJsDepth":2},"typings":[],"unresolvedImports":[],"kind":"action::set"}
[05:31:00.450] Response has been sent.
[05:31:00.450] No new typings were requested as a result of typings discovery
[05:47:58.126] Got install request {"projectName":"/dev/null/inferredProject2*","fileNames":["/usr/lib/node_modules/typescript/lib/lib.es5.d.ts","/usr/lib/node_modules/typescript/lib/lib.es2015.d.ts","/usr/lib/node_modules/typescript/lib/lib.es2016.d.ts","/usr/lib/node_modules/typescript/lib/lib.dom.d.ts","/usr/lib/node_modules/typescript/lib/lib.dom.iterable.d.ts","/usr/lib/node_modules/typescript/lib/lib.webworker.importscripts.d.ts","/usr/lib/node_modules/typescript/lib/lib.scripthost.d.ts","/usr/lib/node_modules/typescript/lib/lib.es2015.core.d.ts","/usr/lib/node_modules/typescript/lib/lib.es2015.collection.d.ts","/usr/lib/node_modules/typescript/lib/lib.es2015.generator.d.ts","/usr/lib/node_modules/typescript/lib/lib.es2015.iterable.d.ts","/usr/lib/node_modules/typescript/lib/lib.es2015.promise.d.ts","/usr/lib/node_modules/typescript/lib/lib.es2015.proxy.d.ts","/usr/lib/node_modules/typescript/lib/lib.es2015.reflect.d.ts","/usr/lib/node_modules/typescript/lib/lib.es2015.symbol.d.ts","/usr/lib/node_modules/typescript/lib/lib.es2015.symbol.wellknown.d.ts","/usr/lib/node_modules/typescript/lib/lib.es2016.array.include.d.ts","/usr/lib/node_modules/typescript/lib/lib.es2016.full.d.ts","/home/estif/Documents/The Odin Project/Javascript/async_js_api/odin_weather/src/script_api.js"],"compilerOptions":{"module":1,"target":3,"jsx":1,"allowJs":true,"allowSyntheticDefaultImports":true,"allowNonTsExtensions":true,"noEmitForJsFiles":true,"maxNodeModuleJsDepth":2},"typeAcquisition":{"enable":true,"include":[],"exclude":[]},"unresolvedImports":[],"projectRootPath":"/home/estif/Documents/The Odin Project/Javascript/async_js_api/odin_weather/src","kind":"discover"}
[05:47:58.126] Explicitly included types: []
[05:47:58.127] Inferred typings from unresolved imports: []
[05:47:58.127] Result: {"cachedTypingPaths":[],"newTypingNames":[],"filesToWatch":["/home/estif/Documents/The Odin Project/Javascript/async_js_api/odin_weather/src/bower_components","/home/estif/Documents/The Odin Project/Javascript/async_js_api/odin_weather/src/node_modules"]}
[05:47:58.127] Finished typings discovery: {"cachedTypingPaths":[],"newTypingNames":[],"filesToWatch":["/home/estif/Documents/The Odin Project/Javascript/async_js_api/odin_weather/src/bower_components","/home/estif/Documents/The Odin Project/Javascript/async_js_api/odin_weather/src/node_modules"]}
[05:47:58.128] DirectoryWatcher:: Added:: WatchInfo: /home/estif/Documents/The Odin Project/Javascript/async_js_api/odin_weather/src/bower_components
[05:47:58.128] DirectoryWatcher:: Added:: WatchInfo: /home/estif/Documents/The Odin Project/Javascript/async_js_api/odin_weather/src/bower_components 1 undefined Project: /dev/null/inferredProject2* watcher already invoked: false
[05:47:58.128] Elapsed:: 0.07262099999934435ms DirectoryWatcher:: Added:: WatchInfo: /home/estif/Documents/The Odin Project/Javascript/async_js_api/odin_weather/src/bower_components 1 undefined Project: /dev/null/inferredProject2* watcher already invoked: false
[05:47:58.128] DirectoryWatcher:: Added:: WatchInfo: /home/estif/Documents/The Odin Project/Javascript/async_js_api/odin_weather/src/node_modules
[05:47:58.129] DirectoryWatcher:: Added:: WatchInfo: /home/estif/Documents/The Odin Project/Javascript/async_js_api/odin_weather/src/node_modules 1 undefined Project: /dev/null/inferredProject2* watcher already invoked: false
[05:47:58.129] Elapsed:: 0.041253000032156706ms DirectoryWatcher:: Added:: WatchInfo: /home/estif/Documents/The Odin Project/Javascript/async_js_api/odin_weather/src/node_modules 1 undefined Project: /dev/null/inferredProject2* watcher already invoked: false
[05:47:58.129] Sending response:
    {"projectName":"/dev/null/inferredProject2*","typeAcquisition":{"enable":true,"include":[],"exclude":[]},"compilerOptions":{"module":1,"target":3,"jsx":1,"allowJs":true,"allowSyntheticDefaultImports":true,"allowNonTsExtensions":true,"noEmitForJsFiles":true,"maxNodeModuleJsDepth":2},"typings":[],"unresolvedImports":[],"kind":"action::set"}
[05:47:58.129] Response has been sent.
[05:47:58.129] No new typings were requested as a result of typings discovery
[06:37:39.477] Got install request {"projectName":"/dev/null/inferredProject3*","fileNames":["/usr/lib/node_modules/typescript/lib/lib.es5.d.ts","/usr/lib/node_modules/typescript/lib/lib.es2015.d.ts","/usr/lib/node_modules/typescript/lib/lib.es2016.d.ts","/usr/lib/node_modules/typescript/lib/lib.dom.d.ts","/usr/lib/node_modules/typescript/lib/lib.dom.iterable.d.ts","/usr/lib/node_modules/typescript/lib/lib.webworker.importscripts.d.ts","/usr/lib/node_modules/typescript/lib/lib.scripthost.d.ts","/usr/lib/node_modules/typescript/lib/lib.es2015.core.d.ts","/usr/lib/node_modules/typescript/lib/lib.es2015.collection.d.ts","/usr/lib/node_modules/typescript/lib/lib.es2015.generator.d.ts","/usr/lib/node_modules/typescript/lib/lib.es2015.iterable.d.ts","/usr/lib/node_modules/typescript/lib/lib.es2015.promise.d.ts","/usr/lib/node_modules/typescript/lib/lib.es2015.proxy.d.ts","/usr/lib/node_modules/typescript/lib/lib.es2015.reflect.d.ts","/usr/lib/node_modules/typescript/lib/lib.es2015.symbol.d.ts","/usr/lib/node_modules/typescript/lib/lib.es2015.symbol.wellknown.d.ts","/usr/lib/node_modules/typescript/lib/lib.es2016.array.include.d.ts","/usr/lib/node_modules/typescript/lib/lib.es2016.full.d.ts","/home/estif/Documents/The Odin Project/Javascript/async_js_api/odin_weather/src/script_ui.js"],"compilerOptions":{"module":1,"target":3,"jsx":1,"allowJs":true,"allowSyntheticDefaultImports":true,"allowNonTsExtensions":true,"noEmitForJsFiles":true,"maxNodeModuleJsDepth":2},"typeAcquisition":{"enable":true,"include":[],"exclude":[]},"unresolvedImports":[],"projectRootPath":"/home/estif/Documents/The Odin Project/Javascript/async_js_api/odin_weather/src","kind":"discover"}
[06:37:39.478] Explicitly included types: []
[06:37:39.478] Inferred typings from unresolved imports: []
[06:37:39.479] Result: {"cachedTypingPaths":[],"newTypingNames":[],"filesToWatch":["/home/estif/Documents/The Odin Project/Javascript/async_js_api/odin_weather/src/bower_components","/home/estif/Documents/The Odin Project/Javascript/async_js_api/odin_weather/src/node_modules"]}
[06:37:39.479] Finished typings discovery: {"cachedTypingPaths":[],"newTypingNames":[],"filesToWatch":["/home/estif/Documents/The Odin Project/Javascript/async_js_api/odin_weather/src/bower_components","/home/estif/Documents/The Odin Project/Javascript/async_js_api/odin_weather/src/node_modules"]}
[06:37:39.479] DirectoryWatcher:: Added:: WatchInfo: /home/estif/Documents/The Odin Project/Javascript/async_js_api/odin_weather/src/bower_components
[06:37:39.479] DirectoryWatcher:: Added:: WatchInfo: /home/estif/Documents/The Odin Project/Javascript/async_js_api/odin_weather/src/bower_components 1 undefined Project: /dev/null/inferredProject3* watcher already invoked: false
[06:37:39.480] Elapsed:: 0.07503900025039911ms DirectoryWatcher:: Added:: WatchInfo: /home/estif/Documents/The Odin Project/Javascript/async_js_api/odin_weather/src/bower_components 1 undefined Project: /dev/null/inferredProject3* watcher already invoked: false
[06:37:39.480] DirectoryWatcher:: Added:: WatchInfo: /home/estif/Documents/The Odin Project/Javascript/async_js_api/odin_weather/src/node_modules
[06:37:39.480] DirectoryWatcher:: Added:: WatchInfo: /home/estif/Documents/The Odin Project/Javascript/async_js_api/odin_weather/src/node_modules 1 undefined Project: /dev/null/inferredProject3* watcher already invoked: false
[06:37:39.480] Elapsed:: 0.05320600001141429ms DirectoryWatcher:: Added:: WatchInfo: /home/estif/Documents/The Odin Project/Javascript/async_js_api/odin_weather/src/node_modules 1 undefined Project: /dev/null/inferredProject3* watcher already invoked: false
[06:37:39.480] Sending response:
    {"projectName":"/dev/null/inferredProject3*","typeAcquisition":{"enable":true,"include":[],"exclude":[]},"compilerOptions":{"module":1,"target":3,"jsx":1,"allowJs":true,"allowSyntheticDefaultImports":true,"allowNonTsExtensions":true,"noEmitForJsFiles":true,"maxNodeModuleJsDepth":2},"typings":[],"unresolvedImports":[],"kind":"action::set"}
[06:37:39.481] Response has been sent.
[06:37:39.481] No new typings were requested as a result of typings discovery
[06:41:48.023] Got install request {"projectName":"/dev/null/inferredProject3*","fileNames":["/usr/lib/node_modules/typescript/lib/lib.es5.d.ts","/usr/lib/node_modules/typescript/lib/lib.es2015.d.ts","/usr/lib/node_modules/typescript/lib/lib.es2016.d.ts","/usr/lib/node_modules/typescript/lib/lib.dom.d.ts","/usr/lib/node_modules/typescript/lib/lib.dom.iterable.d.ts","/usr/lib/node_modules/typescript/lib/lib.webworker.importscripts.d.ts","/usr/lib/node_modules/typescript/lib/lib.scripthost.d.ts","/usr/lib/node_modules/typescript/lib/lib.es2015.core.d.ts","/usr/lib/node_modules/typescript/lib/lib.es2015.collection.d.ts","/usr/lib/node_modules/typescript/lib/lib.es2015.generator.d.ts","/usr/lib/node_modules/typescript/lib/lib.es2015.iterable.d.ts","/usr/lib/node_modules/typescript/lib/lib.es2015.promise.d.ts","/usr/lib/node_modules/typescript/lib/lib.es2015.proxy.d.ts","/usr/lib/node_modules/typescript/lib/lib.es2015.reflect.d.ts","/usr/lib/node_modules/typescript/lib/lib.es2015.symbol.d.ts","/usr/lib/node_modules/typescript/lib/lib.es2015.symbol.wellknown.d.ts","/usr/lib/node_modules/typescript/lib/lib.es2016.array.include.d.ts","/usr/lib/node_modules/typescript/lib/lib.es2016.full.d.ts","/home/estif/Documents/The Odin Project/Javascript/async_js_api/odin_weather/src/script_api.js","/home/estif/Documents/The Odin Project/Javascript/async_js_api/odin_weather/src/script_ui.js"],"compilerOptions":{"module":1,"target":3,"jsx":1,"allowJs":true,"allowSyntheticDefaultImports":true,"allowNonTsExtensions":true,"noEmitForJsFiles":true,"maxNodeModuleJsDepth":2},"typeAcquisition":{"enable":true,"include":[],"exclude":[]},"unresolvedImports":[],"projectRootPath":"/home/estif/Documents/The Odin Project/Javascript/async_js_api/odin_weather/src","kind":"discover"}
[06:41:48.023] Explicitly included types: []
[06:41:48.024] Inferred typings from unresolved imports: []
[06:41:48.024] Result: {"cachedTypingPaths":[],"newTypingNames":[],"filesToWatch":["/home/estif/Documents/The Odin Project/Javascript/async_js_api/odin_weather/src/bower_components","/home/estif/Documents/The Odin Project/Javascript/async_js_api/odin_weather/src/node_modules"]}
[06:41:48.024] Finished typings discovery: {"cachedTypingPaths":[],"newTypingNames":[],"filesToWatch":["/home/estif/Documents/The Odin Project/Javascript/async_js_api/odin_weather/src/bower_components","/home/estif/Documents/The Odin Project/Javascript/async_js_api/odin_weather/src/node_modules"]}
[06:41:48.025] Sending response:
    {"projectName":"/dev/null/inferredProject3*","typeAcquisition":{"enable":true,"include":[],"exclude":[]},"compilerOptions":{"module":1,"target":3,"jsx":1,"allowJs":true,"allowSyntheticDefaultImports":true,"allowNonTsExtensions":true,"noEmitForJsFiles":true,"maxNodeModuleJsDepth":2},"typings":[],"unresolvedImports":[],"kind":"action::set"}
[06:41:48.025] Response has been sent.
[06:41:48.026] No new typings were requested as a result of typings discovery
